DONE:
- Add a .gitignore

TODO:
- wait for GSR and re-update package after a few days.
- documentation readthedoc and refer to blog as genesis.
  - Intro: Started as a mini project. Became a library.

HaploDynamics.Framework:
- Focus on multiprocessing and computation on the cloud.
- For a long list of positions, divide it and give the generation to several processes.
- Merge the files accordingly at the end if specified by the user.

SETUP PIP/PYPI:
- for the setup: https://dzone.com/articles/executable-package-pip-install
- very useful for organization: https://godatadriven.com/blog/a-practical-guide-to-using-setup-py/
- for the commands: https://medium.com/@joel.barmettler/how-to-upload-your-python-package-to-pypi-65edc5fe9c56
- https://autopilot-docs.readthedocs.io/en/latest/license_list.html
> commands used:
  done: pip install twine
  > python3 setup.py sdist
  > twine upload dist/*

PUSH TO PYPI:
At each release, update:
1) setup.py
2) CITATION.cff
3) Readme.md
Push release on pypi
4) edit the doi in CITATION.cff

PUBLISH: in JOSS
Journal of Open SOurce Software
